<?xml version="1.0" encoding="UTF-8"?>
<testsuite name="com.example.mstest1.Mstest1ApplicationTests" tests="1" skipped="0" failures="0" errors="0" timestamp="2017-09-13T14:55:16" hostname="subhankars-mbp.ecsteam.office" time="0.02">
  <properties/>
  <testcase name="contextLoads" classname="com.example.mstest1.Mstest1ApplicationTests" time="0.02"/>
  <system-out><![CDATA[08:55:13.067 [Test worker] DEBUG org.springframework.test.context.junit4.SpringJUnit4ClassRunner - SpringJUnit4ClassRunner constructor called with [class com.example.mstest1.Mstest1ApplicationTests]
08:55:13.072 [Test worker] DEBUG org.springframework.test.context.BootstrapUtils - Instantiating CacheAwareContextLoaderDelegate from class [org.springframework.test.context.cache.DefaultCacheAwareContextLoaderDelegate]
08:55:13.077 [Test worker] DEBUG org.springframework.test.context.BootstrapUtils - Instantiating BootstrapContext using constructor [public org.springframework.test.context.support.DefaultBootstrapContext(java.lang.Class,org.springframework.test.context.CacheAwareContextLoaderDelegate)]
08:55:13.089 [Test worker] DEBUG org.springframework.test.context.BootstrapUtils - Instantiating TestContextBootstrapper for test class [com.example.mstest1.Mstest1ApplicationTests] from class [org.springframework.boot.test.context.SpringBootTestContextBootstrapper]
08:55:13.097 [Test worker] INFO org.springframework.boot.test.context.SpringBootTestContextBootstrapper - Neither @ContextConfiguration nor @ContextHierarchy found for test class [com.example.mstest1.Mstest1ApplicationTests], using SpringBootContextLoader
08:55:13.100 [Test worker] DEBUG org.springframework.test.context.support.AbstractContextLoader - Did not detect default resource location for test class [com.example.mstest1.Mstest1ApplicationTests]: class path resource [com/example/mstest1/Mstest1ApplicationTests-context.xml] does not exist
08:55:13.100 [Test worker] DEBUG org.springframework.test.context.support.AbstractContextLoader - Did not detect default resource location for test class [com.example.mstest1.Mstest1ApplicationTests]: class path resource [com/example/mstest1/Mstest1ApplicationTestsContext.groovy] does not exist
08:55:13.100 [Test worker] INFO org.springframework.test.context.support.AbstractContextLoader - Could not detect default resource locations for test class [com.example.mstest1.Mstest1ApplicationTests]: no resource found for suffixes {-context.xml, Context.groovy}.
08:55:13.101 [Test worker] INFO org.springframework.test.context.support.AnnotationConfigContextLoaderUtils - Could not detect default configuration classes for test class [com.example.mstest1.Mstest1ApplicationTests]: Mstest1ApplicationTests does not declare any static, non-private, non-final, nested classes annotated with @Configuration.
08:55:13.127 [Test worker] DEBUG org.springframework.test.context.support.ActiveProfilesUtils - Could not find an 'annotation declaring class' for annotation type [org.springframework.test.context.ActiveProfiles] and class [com.example.mstest1.Mstest1ApplicationTests]
08:55:13.134 [Test worker] DEBUG org.springframework.core.env.StandardEnvironment - Adding [systemProperties] PropertySource with lowest search precedence
08:55:13.134 [Test worker] DEBUG org.springframework.core.env.StandardEnvironment - Adding [systemEnvironment] PropertySource with lowest search precedence
08:55:13.135 [Test worker] DEBUG org.springframework.core.env.StandardEnvironment - Initialized StandardEnvironment with PropertySources [systemProperties,systemEnvironment]
08:55:13.142 [Test worker] DEBUG org.springframework.core.io.support.PathMatchingResourcePatternResolver - Resolved classpath location [com/example/mstest1/] to resources [URL [file:/Users/Subhankar/Config-Server/mstest1/build/classes/java/test/com/example/mstest1/], URL [file:/Users/Subhankar/Config-Server/mstest1/build/classes/java/main/com/example/mstest1/]]
08:55:13.142 [Test worker] DEBUG org.springframework.core.io.support.PathMatchingResourcePatternResolver - Looking for matching resources in directory tree [/Users/Subhankar/Config-Server/mstest1/build/classes/java/test/com/example/mstest1]
08:55:13.142 [Test worker] DEBUG org.springframework.core.io.support.PathMatchingResourcePatternResolver - Searching directory [/Users/Subhankar/Config-Server/mstest1/build/classes/java/test/com/example/mstest1] for files matching pattern [/Users/Subhankar/Config-Server/mstest1/build/classes/java/test/com/example/mstest1/*.class]
08:55:13.144 [Test worker] DEBUG org.springframework.core.io.support.PathMatchingResourcePatternResolver - Looking for matching resources in directory tree [/Users/Subhankar/Config-Server/mstest1/build/classes/java/main/com/example/mstest1]
08:55:13.144 [Test worker] DEBUG org.springframework.core.io.support.PathMatchingResourcePatternResolver - Searching directory [/Users/Subhankar/Config-Server/mstest1/build/classes/java/main/com/example/mstest1] for files matching pattern [/Users/Subhankar/Config-Server/mstest1/build/classes/java/main/com/example/mstest1/*.class]
08:55:13.144 [Test worker] DEBUG org.springframework.core.io.support.PathMatchingResourcePatternResolver - Resolved location pattern [classpath*:com/example/mstest1/*.class] to resources [file [/Users/Subhankar/Config-Server/mstest1/build/classes/java/test/com/example/mstest1/Mstest1ApplicationTests.class], file [/Users/Subhankar/Config-Server/mstest1/build/classes/java/main/com/example/mstest1/Mstest1Application.class]]
08:55:13.179 [Test worker] DEBUG org.springframework.context.annotation.ClassPathScanningCandidateComponentProvider - Identified candidate component class: file [/Users/Subhankar/Config-Server/mstest1/build/classes/java/main/com/example/mstest1/Mstest1Application.class]
08:55:13.180 [Test worker] INFO org.springframework.boot.test.context.SpringBootTestContextBootstrapper - Found @SpringBootConfiguration com.example.mstest1.Mstest1Application for test class com.example.mstest1.Mstest1ApplicationTests
08:55:13.183 [Test worker] DEBUG org.springframework.boot.test.context.SpringBootTestContextBootstrapper - @TestExecutionListeners is not present for class [com.example.mstest1.Mstest1ApplicationTests]: using defaults.
08:55:13.186 [Test worker] INFO org.springframework.boot.test.context.SpringBootTestContextBootstrapper - Loaded default TestExecutionListener class names from location [META-INF/spring.factories]: [org.springframework.security.test.context.support.WithSecurityContextTestExecutionListener, org.springframework.boot.test.autoconfigure.restdocs.RestDocsTestExecutionListener, org.springframework.boot.test.autoconfigure.web.client.MockRestServiceServerResetTestExecutionListener, org.springframework.boot.test.autoconfigure.web.servlet.MockMvcPrintOnlyOnFailureTestExecutionListener, org.springframework.boot.test.autoconfigure.web.servlet.WebDriverTestExecutionListener, org.springframework.boot.test.mock.mockito.MockitoTestExecutionListener, org.springframework.boot.test.mock.mockito.ResetMocksTestExecutionListener, org.springframework.test.context.web.ServletTestExecutionListener, org.springframework.test.context.support.DirtiesContextBeforeModesTestExecutionListener, org.springframework.test.context.support.DependencyInjectionTestExecutionListener, org.springframework.test.context.support.DirtiesContextTestExecutionListener, org.springframework.test.context.transaction.TransactionalTestExecutionListener, org.springframework.test.context.jdbc.SqlScriptsTestExecutionListener]
08:55:13.198 [Test worker] INFO org.springframework.boot.test.context.SpringBootTestContextBootstrapper - Could not instantiate TestExecutionListener [org.springframework.test.context.jdbc.SqlScriptsTestExecutionListener]. Specify custom listener classes or make the default listener classes (and their required dependencies) available. Offending class: [org/springframework/transaction/interceptor/TransactionAttribute]
08:55:13.198 [Test worker] INFO org.springframework.boot.test.context.SpringBootTestContextBootstrapper - Could not instantiate TestExecutionListener [org.springframework.test.context.transaction.TransactionalTestExecutionListener]. Specify custom listener classes or make the default listener classes (and their required dependencies) available. Offending class: [org/springframework/transaction/interceptor/TransactionAttributeSource]
08:55:13.199 [Test worker] INFO org.springframework.boot.test.context.SpringBootTestContextBootstrapper - Using TestExecutionListeners: [org.springframework.test.context.web.ServletTestExecutionListener@6a9417d1, org.springframework.test.context.support.DirtiesContextBeforeModesTestExecutionListener@5f4c1269, org.springframework.boot.test.autoconfigure.SpringBootDependencyInjectionTestExecutionListener@4bd4f738, org.springframework.test.context.support.DirtiesContextTestExecutionListener@18bd82ef, org.springframework.security.test.context.support.WithSecurityContextTestExecutionListener@52dd34b6, org.springframework.boot.test.autoconfigure.web.client.MockRestServiceServerResetTestExecutionListener@6dbdbbde, org.springframework.boot.test.mock.mockito.ResetMocksTestExecutionListener@1bcfc66, org.springframework.boot.test.autoconfigure.restdocs.RestDocsTestExecutionListener@75e2bc44, org.springframework.boot.test.autoconfigure.web.servlet.WebDriverTestExecutionListener@4e214eca, org.springframework.boot.test.autoconfigure.web.servlet.MockMvcPrintOnlyOnFailureTestExecutionListener@4e427f9b, org.springframework.boot.test.mock.mockito.MockitoTestExecutionListener@287bf5f9]
08:55:13.201 [Test worker] DEBUG org.springframework.test.annotation.ProfileValueUtils - Retrieved @ProfileValueSourceConfiguration [null] for test class [com.example.mstest1.Mstest1ApplicationTests]
08:55:13.201 [Test worker] DEBUG org.springframework.test.annotation.ProfileValueUtils - Retrieved ProfileValueSource type [class org.springframework.test.annotation.SystemProfileValueSource] for class [com.example.mstest1.Mstest1ApplicationTests]
08:55:13.202 [Test worker] DEBUG org.springframework.test.annotation.ProfileValueUtils - Retrieved @ProfileValueSourceConfiguration [null] for test class [com.example.mstest1.Mstest1ApplicationTests]
08:55:13.202 [Test worker] DEBUG org.springframework.test.annotation.ProfileValueUtils - Retrieved ProfileValueSource type [class org.springframework.test.annotation.SystemProfileValueSource] for class [com.example.mstest1.Mstest1ApplicationTests]
08:55:13.205 [Test worker] DEBUG org.springframework.test.context.support.AbstractDirtiesContextTestExecutionListener - Before test class: context [DefaultTestContext@3c8d7948 testClass = Mstest1ApplicationTests, testInstance = [null], testMethod = [null], testException = [null], mergedContextConfiguration = [WebMergedContextConfiguration@4efb20ea testClass = Mstest1ApplicationTests, locations = '{}', classes = '{class com.example.mstest1.Mstest1Application}', contextInitializerClasses = '[]', activeProfiles = '{}', propertySourceLocations = '{}', propertySourceProperties = '{org.springframework.boot.test.context.SpringBootTestContextBootstrapper=true}', contextCustomizers = set[org.springframework.boot.test.autoconfigure.properties.PropertyMappingContextCustomizer@0, org.springframework.boot.test.autoconfigure.web.servlet.WebDriverContextCustomizerFactory$Customizer@76634adc, org.springframework.boot.test.context.SpringBootTestContextCustomizer@6fe381e5, org.springframework.boot.test.context.filter.ExcludeFilterContextCustomizer@28e28ec7, org.springframework.boot.test.json.DuplicateJsonObjectContextCustomizerFactory$DuplicateJsonObjectContextCustomizer@fb451d5, org.springframework.boot.test.mock.mockito.MockitoContextCustomizer@0], resourceBasePath = 'src/main/webapp', contextLoader = 'org.springframework.boot.test.context.SpringBootContextLoader', parent = [null]]], class annotated with @DirtiesContext [false] with mode [null].
08:55:13.206 [Test worker] DEBUG org.springframework.test.annotation.ProfileValueUtils - Retrieved @ProfileValueSourceConfiguration [null] for test class [com.example.mstest1.Mstest1ApplicationTests]
08:55:13.206 [Test worker] DEBUG org.springframework.test.annotation.ProfileValueUtils - Retrieved ProfileValueSource type [class org.springframework.test.annotation.SystemProfileValueSource] for class [com.example.mstest1.Mstest1ApplicationTests]
08:55:13.255 [Test worker] DEBUG org.springframework.core.env.StandardEnvironment - Adding [systemProperties] PropertySource with lowest search precedence
08:55:13.255 [Test worker] DEBUG org.springframework.core.env.StandardEnvironment - Adding [systemEnvironment] PropertySource with lowest search precedence
08:55:13.255 [Test worker] DEBUG org.springframework.core.env.StandardEnvironment - Initialized StandardEnvironment with PropertySources [systemProperties,systemEnvironment]
08:55:13.256 [Test worker] DEBUG org.springframework.core.env.MutablePropertySources - Adding [inline] PropertySource with highest search precedence
08:55:13.260 [Test worker] DEBUG org.springframework.test.context.support.TestPropertySourceUtils - Adding inlined properties to environment: {spring.jmx.enabled=false, org.springframework.boot.test.context.SpringBootTestContextBootstrapper=true, server.port=-1}
08:55:13.261 [Test worker] DEBUG org.springframework.core.env.StandardEnvironment - Adding [Inlined Test Properties] PropertySource with highest search precedence
2017-09-13 08:55:14.068  INFO 20949 --- [    Test worker] s.c.a.AnnotationConfigApplicationContext : Refreshing org.springframework.context.annotation.AnnotationConfigApplicationContext@679422e9: startup date [Wed Sep 13 08:55:14 MDT 2017]; root of context hierarchy
2017-09-13 08:55:14.279  INFO 20949 --- [    Test worker] trationDelegate$BeanPostProcessorChecker : Bean 'configurationPropertiesRebinderAutoConfiguration' of type [org.springframework.cloud.autoconfigure.ConfigurationPropertiesRebinderAutoConfiguration$$EnhancerBySpringCGLIB$$516f9120] is not eligible for getting processed by all BeanPostProcessors (for example: not eligible for auto-proxying)

  .   ____          _            __ _ _
 /\\ / ___'_ __ _ _(_)_ __  __ _ \ \ \ \
( ( )\___ | '_ | '_| | '_ \/ _` | \ \ \ \
 \\/  ___)| |_)| | | | | || (_| |  ) ) ) )
  '  |____| .__|_| |_|_| |_\__, | / / / /
 =========|_|==============|___/=/_/_/_/
 :: Spring Boot ::        (v1.5.6.RELEASE)

2017-09-13 08:55:14.650  INFO 20949 --- [    Test worker] c.e.mstest1.Mstest1ApplicationTests      : No active profile set, falling back to default profiles: default
2017-09-13 08:55:14.653  INFO 20949 --- [    Test worker] o.s.w.c.s.GenericWebApplicationContext   : Refreshing org.springframework.web.context.support.GenericWebApplicationContext@7bc77008: startup date [Wed Sep 13 08:55:14 MDT 2017]; parent: org.springframework.context.annotation.AnnotationConfigApplicationContext@679422e9
2017-09-13 08:55:15.303  INFO 20949 --- [    Test worker] o.s.cloud.context.scope.GenericScope     : BeanFactory id=2da888d6-86af-39ea-b636-0006663b618c
2017-09-13 08:55:15.388  INFO 20949 --- [    Test worker] trationDelegate$BeanPostProcessorChecker : Bean 'org.springframework.cloud.autoconfigure.ConfigurationPropertiesRebinderAutoConfiguration' of type [org.springframework.cloud.autoconfigure.ConfigurationPropertiesRebinderAutoConfiguration$$EnhancerBySpringCGLIB$$516f9120] is not eligible for getting processed by all BeanPostProcessors (for example: not eligible for auto-proxying)
2017-09-13 08:55:15.753  INFO 20949 --- [    Test worker] s.w.s.m.m.a.RequestMappingHandlerAdapter : Looking for @ControllerAdvice: org.springframework.web.context.support.GenericWebApplicationContext@7bc77008: startup date [Wed Sep 13 08:55:14 MDT 2017]; parent: org.springframework.context.annotation.AnnotationConfigApplicationContext@679422e9
2017-09-13 08:55:15.800  INFO 20949 --- [    Test worker] s.w.s.m.m.a.RequestMappingHandlerMapping : Mapped "{[/error]}" onto public org.springframework.http.ResponseEntity<java.util.Map<java.lang.String, java.lang.Object>> org.springframework.boot.autoconfigure.web.BasicErrorController.error(javax.servlet.http.HttpServletRequest)
2017-09-13 08:55:15.801  INFO 20949 --- [    Test worker] s.w.s.m.m.a.RequestMappingHandlerMapping : Mapped "{[/error],produces=[text/html]}" onto public org.springframework.web.servlet.ModelAndView org.springframework.boot.autoconfigure.web.BasicErrorController.errorHtml(javax.servlet.http.HttpServletRequest,javax.servlet.http.HttpServletResponse)
2017-09-13 08:55:15.806  INFO 20949 --- [    Test worker] s.w.s.m.m.a.RequestMappingHandlerMapping : Mapped "{[/encrypt],methods=[POST]}" onto public java.lang.String org.springframework.cloud.config.server.encryption.EncryptionController.encrypt(java.lang.String,org.springframework.http.MediaType)
2017-09-13 08:55:15.807  INFO 20949 --- [    Test worker] s.w.s.m.m.a.RequestMappingHandlerMapping : Mapped "{[/encrypt/{name}/{profiles}],methods=[POST]}" onto public java.lang.String org.springframework.cloud.config.server.encryption.EncryptionController.encrypt(java.lang.String,java.lang.String,java.lang.String,org.springframework.http.MediaType)
2017-09-13 08:55:15.807  INFO 20949 --- [    Test worker] s.w.s.m.m.a.RequestMappingHandlerMapping : Mapped "{[/decrypt/{name}/{profiles}],methods=[POST]}" onto public java.lang.String org.springframework.cloud.config.server.encryption.EncryptionController.decrypt(java.lang.String,java.lang.String,java.lang.String,org.springframework.http.MediaType)
2017-09-13 08:55:15.807  INFO 20949 --- [    Test worker] s.w.s.m.m.a.RequestMappingHandlerMapping : Mapped "{[/decrypt],methods=[POST]}" onto public java.lang.String org.springframework.cloud.config.server.encryption.EncryptionController.decrypt(java.lang.String,org.springframework.http.MediaType)
2017-09-13 08:55:15.808  INFO 20949 --- [    Test worker] s.w.s.m.m.a.RequestMappingHandlerMapping : Mapped "{[/encrypt/status],methods=[GET]}" onto public java.util.Map<java.lang.String, java.lang.Object> org.springframework.cloud.config.server.encryption.EncryptionController.status()
2017-09-13 08:55:15.808  INFO 20949 --- [    Test worker] s.w.s.m.m.a.RequestMappingHandlerMapping : Mapped "{[/key],methods=[GET]}" onto public java.lang.String org.springframework.cloud.config.server.encryption.EncryptionController.getPublicKey()
2017-09-13 08:55:15.808  INFO 20949 --- [    Test worker] s.w.s.m.m.a.RequestMappingHandlerMapping : Mapped "{[/key/{name}/{profiles}],methods=[GET]}" onto public java.lang.String org.springframework.cloud.config.server.encryption.EncryptionController.getPublicKey(java.lang.String,java.lang.String)
2017-09-13 08:55:15.813  INFO 20949 --- [    Test worker] s.w.s.m.m.a.RequestMappingHandlerMapping : Mapped "{[/{name}-{profiles}.yml || /{name}-{profiles}.yaml],methods=[GET]}" onto public org.springframework.http.ResponseEntity<java.lang.String> org.springframework.cloud.config.server.environment.EnvironmentController.yaml(java.lang.String,java.lang.String,boolean) throws java.lang.Exception
2017-09-13 08:55:15.813  INFO 20949 --- [    Test worker] s.w.s.m.m.a.RequestMappingHandlerMapping : Mapped "{[/{name}-{profiles}.properties],methods=[GET]}" onto public org.springframework.http.ResponseEntity<java.lang.String> org.springframework.cloud.config.server.environment.EnvironmentController.properties(java.lang.String,java.lang.String,boolean) throws java.io.IOException
2017-09-13 08:55:15.813  INFO 20949 --- [    Test worker] s.w.s.m.m.a.RequestMappingHandlerMapping : Mapped "{[/{name}/{profiles:.*[^-].*}],methods=[GET]}" onto public org.springframework.cloud.config.environment.Environment org.springframework.cloud.config.server.environment.EnvironmentController.defaultLabel(java.lang.String,java.lang.String)
2017-09-13 08:55:15.814  INFO 20949 --- [    Test worker] s.w.s.m.m.a.RequestMappingHandlerMapping : Mapped "{[/{label}/{name}-{profiles}.properties],methods=[GET]}" onto public org.springframework.http.ResponseEntity<java.lang.String> org.springframework.cloud.config.server.environment.EnvironmentController.labelledProperties(java.lang.String,java.lang.String,java.lang.String,boolean) throws java.io.IOException
2017-09-13 08:55:15.814  INFO 20949 --- [    Test worker] s.w.s.m.m.a.RequestMappingHandlerMapping : Mapped "{[/{name}/{profiles}/{label:.*}],methods=[GET]}" onto public org.springframework.cloud.config.environment.Environment org.springframework.cloud.config.server.environment.EnvironmentController.labelled(java.lang.String,java.lang.String,java.lang.String)
2017-09-13 08:55:15.814  INFO 20949 --- [    Test worker] s.w.s.m.m.a.RequestMappingHandlerMapping : Mapped "{[/{name}-{profiles}.json],methods=[GET]}" onto public org.springframework.http.ResponseEntity<java.lang.String> org.springframework.cloud.config.server.environment.EnvironmentController.jsonProperties(java.lang.String,java.lang.String,boolean) throws java.lang.Exception
2017-09-13 08:55:15.814  INFO 20949 --- [    Test worker] s.w.s.m.m.a.RequestMappingHandlerMapping : Mapped "{[/{label}/{name}-{profiles}.json],methods=[GET]}" onto public org.springframework.http.ResponseEntity<java.lang.String> org.springframework.cloud.config.server.environment.EnvironmentController.labelledJsonProperties(java.lang.String,java.lang.String,java.lang.String,boolean) throws java.lang.Exception
2017-09-13 08:55:15.815  INFO 20949 --- [    Test worker] s.w.s.m.m.a.RequestMappingHandlerMapping : Mapped "{[/{label}/{name}-{profiles}.yml || /{label}/{name}-{profiles}.yaml],methods=[GET]}" onto public org.springframework.http.ResponseEntity<java.lang.String> org.springframework.cloud.config.server.environment.EnvironmentController.labelledYaml(java.lang.String,java.lang.String,java.lang.String,boolean) throws java.lang.Exception
2017-09-13 08:55:15.817  INFO 20949 --- [    Test worker] s.w.s.m.m.a.RequestMappingHandlerMapping : Mapped "{[/{name}/{profile}/{label}/**],methods=[GET],produces=[application/octet-stream]}" onto public synchronized byte[] org.springframework.cloud.config.server.resource.ResourceController.binary(java.lang.String,java.lang.String,java.lang.String,javax.servlet.http.HttpServletRequest) throws java.io.IOException
2017-09-13 08:55:15.817  INFO 20949 --- [    Test worker] s.w.s.m.m.a.RequestMappingHandlerMapping : Mapped "{[/{name}/{profile}/{label}/**],methods=[GET]}" onto public java.lang.String org.springframework.cloud.config.server.resource.ResourceController.retrieve(java.lang.String,java.lang.String,java.lang.String,javax.servlet.http.HttpServletRequest,boolean) throws java.io.IOException
2017-09-13 08:55:15.837  INFO 20949 --- [    Test worker] o.s.w.s.handler.SimpleUrlHandlerMapping  : Mapped URL path [/webjars/**] onto handler of type [class org.springframework.web.servlet.resource.ResourceHttpRequestHandler]
2017-09-13 08:55:15.837  INFO 20949 --- [    Test worker] o.s.w.s.handler.SimpleUrlHandlerMapping  : Mapped URL path [/**] onto handler of type [class org.springframework.web.servlet.resource.ResourceHttpRequestHandler]
2017-09-13 08:55:15.865  INFO 20949 --- [    Test worker] o.s.w.s.handler.SimpleUrlHandlerMapping  : Mapped URL path [/**/favicon.ico] onto handler of type [class org.springframework.web.servlet.resource.ResourceHttpRequestHandler]
2017-09-13 08:55:16.096  INFO 20949 --- [    Test worker] o.s.s.web.DefaultSecurityFilterChain     : Creating filter chain: OrRequestMatcher [requestMatchers=[Ant [pattern='/css/**'], Ant [pattern='/js/**'], Ant [pattern='/images/**'], Ant [pattern='/webjars/**'], Ant [pattern='/**/favicon.ico'], Ant [pattern='/error']]], []
2017-09-13 08:55:16.492  INFO 20949 --- [    Test worker] o.s.b.a.e.mvc.EndpointHandlerMapping     : Mapped "{[/env/{name:.*}],methods=[GET],produces=[application/vnd.spring-boot.actuator.v1+json || application/json]}" onto public java.lang.Object org.springframework.boot.actuate.endpoint.mvc.EnvironmentMvcEndpoint.value(java.lang.String)
2017-09-13 08:55:16.492  INFO 20949 --- [    Test worker] o.s.b.a.e.mvc.EndpointHandlerMapping     : Mapped "{[/env || /env.json],methods=[GET],produces=[application/vnd.spring-boot.actuator.v1+json || application/json]}" onto public java.lang.Object org.springframework.boot.actuate.endpoint.mvc.EndpointMvcAdapter.invoke()
2017-09-13 08:55:16.494  INFO 20949 --- [    Test worker] o.s.b.a.e.mvc.EndpointHandlerMapping     : Mapped "{[/loggers/{name:.*}],methods=[GET],produces=[application/vnd.spring-boot.actuator.v1+json || application/json]}" onto public java.lang.Object org.springframework.boot.actuate.endpoint.mvc.LoggersMvcEndpoint.get(java.lang.String)
2017-09-13 08:55:16.494  INFO 20949 --- [    Test worker] o.s.b.a.e.mvc.EndpointHandlerMapping     : Mapped "{[/loggers/{name:.*}],methods=[POST],consumes=[application/vnd.spring-boot.actuator.v1+json || application/json],produces=[application/vnd.spring-boot.actuator.v1+json || application/json]}" onto public java.lang.Object org.springframework.boot.actuate.endpoint.mvc.LoggersMvcEndpoint.set(java.lang.String,java.util.Map<java.lang.String, java.lang.String>)
2017-09-13 08:55:16.494  INFO 20949 --- [    Test worker] o.s.b.a.e.mvc.EndpointHandlerMapping     : Mapped "{[/loggers || /loggers.json],methods=[GET],produces=[application/vnd.spring-boot.actuator.v1+json || application/json]}" onto public java.lang.Object org.springframework.boot.actuate.endpoint.mvc.EndpointMvcAdapter.invoke()
2017-09-13 08:55:16.495  INFO 20949 --- [    Test worker] o.s.b.a.e.mvc.EndpointHandlerMapping     : Mapped "{[/configprops || /configprops.json],methods=[GET],produces=[application/vnd.spring-boot.actuator.v1+json || application/json]}" onto public java.lang.Object org.springframework.boot.actuate.endpoint.mvc.EndpointMvcAdapter.invoke()
2017-09-13 08:55:16.495  INFO 20949 --- [    Test worker] o.s.b.a.e.mvc.EndpointHandlerMapping     : Mapped "{[/trace || /trace.json],methods=[GET],produces=[application/vnd.spring-boot.actuator.v1+json || application/json]}" onto public java.lang.Object org.springframework.boot.actuate.endpoint.mvc.EndpointMvcAdapter.invoke()
2017-09-13 08:55:16.496  INFO 20949 --- [    Test worker] o.s.b.a.e.mvc.EndpointHandlerMapping     : Mapped "{[/metrics/{name:.*}],methods=[GET],produces=[application/vnd.spring-boot.actuator.v1+json || application/json]}" onto public java.lang.Object org.springframework.boot.actuate.endpoint.mvc.MetricsMvcEndpoint.value(java.lang.String)
2017-09-13 08:55:16.496  INFO 20949 --- [    Test worker] o.s.b.a.e.mvc.EndpointHandlerMapping     : Mapped "{[/metrics || /metrics.json],methods=[GET],produces=[application/vnd.spring-boot.actuator.v1+json || application/json]}" onto public java.lang.Object org.springframework.boot.actuate.endpoint.mvc.EndpointMvcAdapter.invoke()
2017-09-13 08:55:16.497  INFO 20949 --- [    Test worker] o.s.b.a.e.mvc.EndpointHandlerMapping     : Mapped "{[/pause || /pause.json],methods=[POST]}" onto public java.lang.Object org.springframework.cloud.endpoint.GenericPostableMvcEndpoint.invoke()
2017-09-13 08:55:16.497  INFO 20949 --- [    Test worker] o.s.b.a.e.mvc.EndpointHandlerMapping     : Mapped "{[/features || /features.json],methods=[GET],produces=[application/vnd.spring-boot.actuator.v1+json || application/json]}" onto public java.lang.Object org.springframework.boot.actuate.endpoint.mvc.EndpointMvcAdapter.invoke()
2017-09-13 08:55:16.498  INFO 20949 --- [    Test worker] o.s.b.a.e.mvc.EndpointHandlerMapping     : Mapped "{[/health || /health.json],methods=[GET],produces=[application/vnd.spring-boot.actuator.v1+json || application/json]}" onto public java.lang.Object org.springframework.boot.actuate.endpoint.mvc.HealthMvcEndpoint.invoke(javax.servlet.http.HttpServletRequest,java.security.Principal)
2017-09-13 08:55:16.499  INFO 20949 --- [    Test worker] o.s.b.a.e.mvc.EndpointHandlerMapping     : Mapped "{[/beans || /beans.json],methods=[GET],produces=[application/vnd.spring-boot.actuator.v1+json || application/json]}" onto public java.lang.Object org.springframework.boot.actuate.endpoint.mvc.EndpointMvcAdapter.invoke()
2017-09-13 08:55:16.499  INFO 20949 --- [    Test worker] o.s.b.a.e.mvc.EndpointHandlerMapping     : Mapped "{[/refresh || /refresh.json],methods=[POST]}" onto public java.lang.Object org.springframework.cloud.endpoint.GenericPostableMvcEndpoint.invoke()
2017-09-13 08:55:16.500  INFO 20949 --- [    Test worker] o.s.b.a.e.mvc.EndpointHandlerMapping     : Mapped "{[/auditevents || /auditevents.json],methods=[GET],produces=[application/vnd.spring-boot.actuator.v1+json || application/json]}" onto public org.springframework.http.ResponseEntity<?> org.springframework.boot.actuate.endpoint.mvc.AuditEventsMvcEndpoint.findByPrincipalAndAfterAndType(java.lang.String,java.util.Date,java.lang.String)
2017-09-13 08:55:16.500  INFO 20949 --- [    Test worker] o.s.b.a.e.mvc.EndpointHandlerMapping     : Mapped "{[/restart || /restart.json],methods=[POST]}" onto public java.lang.Object org.springframework.cloud.context.restart.RestartMvcEndpoint.invoke()
2017-09-13 08:55:16.501  INFO 20949 --- [    Test worker] o.s.b.a.e.mvc.EndpointHandlerMapping     : Mapped "{[/env],methods=[POST]}" onto public java.lang.Object org.springframework.cloud.context.environment.EnvironmentManagerMvcEndpoint.value(java.util.Map<java.lang.String, java.lang.String>)
2017-09-13 08:55:16.501  INFO 20949 --- [    Test worker] o.s.b.a.e.mvc.EndpointHandlerMapping     : Mapped "{[/env/reset],methods=[POST]}" onto public java.util.Map<java.lang.String, java.lang.Object> org.springframework.cloud.context.environment.EnvironmentManagerMvcEndpoint.reset()
2017-09-13 08:55:16.502  INFO 20949 --- [    Test worker] o.s.b.a.e.mvc.EndpointHandlerMapping     : Mapped "{[/heapdump || /heapdump.json],methods=[GET],produces=[application/octet-stream]}" onto public void org.springframework.boot.actuate.endpoint.mvc.HeapdumpMvcEndpoint.invoke(boolean,javax.servlet.http.HttpServletRequest,javax.servlet.http.HttpServletResponse) throws java.io.IOException,javax.servlet.ServletException
2017-09-13 08:55:16.502  INFO 20949 --- [    Test worker] o.s.b.a.e.mvc.EndpointHandlerMapping     : Mapped "{[/autoconfig || /autoconfig.json],methods=[GET],produces=[application/vnd.spring-boot.actuator.v1+json || application/json]}" onto public java.lang.Object org.springframework.boot.actuate.endpoint.mvc.EndpointMvcAdapter.invoke()
2017-09-13 08:55:16.503  INFO 20949 --- [    Test worker] o.s.b.a.e.mvc.EndpointHandlerMapping     : Mapped "{[/mappings || /mappings.json],methods=[GET],produces=[application/vnd.spring-boot.actuator.v1+json || application/json]}" onto public java.lang.Object org.springframework.boot.actuate.endpoint.mvc.EndpointMvcAdapter.invoke()
2017-09-13 08:55:16.503  INFO 20949 --- [    Test worker] o.s.b.a.e.mvc.EndpointHandlerMapping     : Mapped "{[/resume || /resume.json],methods=[POST]}" onto public java.lang.Object org.springframework.cloud.endpoint.GenericPostableMvcEndpoint.invoke()
2017-09-13 08:55:16.504  INFO 20949 --- [    Test worker] o.s.b.a.e.mvc.EndpointHandlerMapping     : Mapped "{[/dump || /dump.json],methods=[GET],produces=[application/vnd.spring-boot.actuator.v1+json || application/json]}" onto public java.lang.Object org.springframework.boot.actuate.endpoint.mvc.EndpointMvcAdapter.invoke()
2017-09-13 08:55:16.504  INFO 20949 --- [    Test worker] o.s.b.a.e.mvc.EndpointHandlerMapping     : Mapped "{[/info || /info.json],methods=[GET],produces=[application/vnd.spring-boot.actuator.v1+json || application/json]}" onto public java.lang.Object org.springframework.boot.actuate.endpoint.mvc.EndpointMvcAdapter.invoke()
2017-09-13 08:55:16.505  INFO 20949 --- [    Test worker] o.s.s.web.DefaultSecurityFilterChain     : Creating filter chain: org.springframework.boot.actuate.autoconfigure.ManagementWebSecurityAutoConfiguration$LazyEndpointPathRequestMatcher@1f085954, [org.springframework.security.web.context.request.async.WebAsyncManagerIntegrationFilter@2d41ed47, org.springframework.security.web.context.SecurityContextPersistenceFilter@450c9d5, org.springframework.security.web.header.HeaderWriterFilter@1412dfd7, org.springframework.web.filter.CorsFilter@1c8811a8, org.springframework.security.web.authentication.logout.LogoutFilter@5fd19167, org.springframework.security.web.authentication.www.BasicAuthenticationFilter@4cfd2b14, org.springframework.security.web.savedrequest.RequestCacheAwareFilter@6b8fc05, org.springframework.security.web.servletapi.SecurityContextHolderAwareRequestFilter@2250fe2f, org.springframework.security.web.authentication.AnonymousAuthenticationFilter@4b23eb48, org.springframework.security.web.session.SessionManagementFilter@60dbc208, org.springframework.security.web.access.ExceptionTranslationFilter@409acf1e, org.springframework.security.web.access.intercept.FilterSecurityInterceptor@56c79ec8]
2017-09-13 08:55:16.507  INFO 20949 --- [    Test worker] o.s.s.web.DefaultSecurityFilterChain     : Creating filter chain: OrRequestMatcher [requestMatchers=[Ant [pattern='/**']]], [org.springframework.security.web.context.request.async.WebAsyncManagerIntegrationFilter@4c2bf2f1, org.springframework.security.web.context.SecurityContextPersistenceFilter@46ba8a66, org.springframework.security.web.header.HeaderWriterFilter@6b2f75ee, org.springframework.security.web.authentication.logout.LogoutFilter@191660c6, org.springframework.security.web.authentication.www.BasicAuthenticationFilter@b6d3038, org.springframework.security.web.savedrequest.RequestCacheAwareFilter@737d4de4, org.springframework.security.web.servletapi.SecurityContextHolderAwareRequestFilter@63edd660, org.springframework.security.web.authentication.AnonymousAuthenticationFilter@2cff33bf, org.springframework.security.web.session.SessionManagementFilter@2b5a2b70, org.springframework.security.web.access.ExceptionTranslationFilter@5a9dfde8, org.springframework.security.web.access.intercept.FilterSecurityInterceptor@9002b0d]
2017-09-13 08:55:16.881  INFO 20949 --- [    Test worker] c.e.mstest1.Mstest1ApplicationTests      : Started Mstest1ApplicationTests in 3.612 seconds (JVM running for 4.3)
]]></system-out>
  <system-err><![CDATA[]]></system-err>
</testsuite>
